Added Component: Designator=LED1(LED_0603_G)
Added Component: Designator=LED2(LED_0603_G)
Added Pin To Net: NetName=+3V3 Pin=RPI1-1
Added Pin To Net: NetName=+3V3 Pin=RPI1-17
Added Net: Name=+3V3
Added Pin To Net: NetName=+5V Pin=RPI1-2
Added Pin To Net: NetName=+5V Pin=RPI1-4
Added Net: Name=+5V
Added Pin To Net: NetName=GND Pin=LED1-1
Added Pin To Net: NetName=GND Pin=LED2-1
Added Pin To Net: NetName=GND Pin=RPI1-6
Added Pin To Net: NetName=GND Pin=RPI1-9
Added Pin To Net: NetName=GND Pin=RPI1-14
Added Pin To Net: NetName=GND Pin=RPI1-20
Added Pin To Net: NetName=GND Pin=RPI1-25
Added Pin To Net: NetName=GND Pin=RPI1-30
Added Pin To Net: NetName=GND Pin=RPI1-34
Added Pin To Net: NetName=GND Pin=RPI1-39
Added Net: Name=GND
Added Pin To Net: NetName=NetLED1_2 Pin=LED1-2
Added Net: Name=NetLED1_2
Added Pin To Net: NetName=NetLED2_2 Pin=LED2-2
Added Net: Name=NetLED2_2
Added Pin To Net: NetName=NetRPI1_3 Pin=RPI1-3
Added Net: Name=NetRPI1_3
Added Pin To Net: NetName=NetRPI1_5 Pin=RPI1-5
Added Net: Name=NetRPI1_5
Added Pin To Net: NetName=NetRPI1_7 Pin=RPI1-7
Added Net: Name=NetRPI1_7
Added Pin To Net: NetName=NetRPI1_8 Pin=RPI1-8
Added Net: Name=NetRPI1_8
Added Pin To Net: NetName=NetRPI1_10 Pin=RPI1-10
Added Net: Name=NetRPI1_10
Added Pin To Net: NetName=NetRPI1_11 Pin=RPI1-11
Added Net: Name=NetRPI1_11
Added Pin To Net: NetName=NetRPI1_13 Pin=RPI1-13
Added Net: Name=NetRPI1_13
Added Pin To Net: NetName=NetRPI1_15 Pin=RPI1-15
Added Net: Name=NetRPI1_15
Added Pin To Net: NetName=NetRPI1_16 Pin=RPI1-16
Added Net: Name=NetRPI1_16
Added Pin To Net: NetName=NetRPI1_18 Pin=RPI1-18
Added Net: Name=NetRPI1_18
Added Pin To Net: NetName=NetRPI1_19 Pin=RPI1-19
Added Net: Name=NetRPI1_19
Added Pin To Net: NetName=NetRPI1_21 Pin=RPI1-21
Added Net: Name=NetRPI1_21
Added Pin To Net: NetName=NetRPI1_22 Pin=RPI1-22
Added Net: Name=NetRPI1_22
Added Pin To Net: NetName=NetRPI1_23 Pin=RPI1-23
Added Net: Name=NetRPI1_23
Added Pin To Net: NetName=NetRPI1_24 Pin=RPI1-24
Added Net: Name=NetRPI1_24
Added Pin To Net: NetName=NetRPI1_26 Pin=RPI1-26
Added Net: Name=NetRPI1_26
Added Pin To Net: NetName=NetRPI1_29 Pin=RPI1-29
Added Net: Name=NetRPI1_29
Added Pin To Net: NetName=NetRPI1_31 Pin=RPI1-31
Added Net: Name=NetRPI1_31
Added Pin To Net: NetName=NetRPI1_32 Pin=RPI1-32
Added Net: Name=NetRPI1_32
Added Pin To Net: NetName=NetRPI1_33 Pin=RPI1-33
Added Net: Name=NetRPI1_33
Added Pin To Net: NetName=NetRPI1_35 Pin=RPI1-35
Added Net: Name=NetRPI1_35
Added Pin To Net: NetName=NetRPI1_36 Pin=RPI1-36
Added Net: Name=NetRPI1_36
Added Pin To Net: NetName=NetRPI1_37 Pin=RPI1-37
Added Net: Name=NetRPI1_37
Added Pin To Net: NetName=NetRPI1_38 Pin=RPI1-38
Added Net: Name=NetRPI1_38
Added Pin To Net: NetName=NetRPI1_40 Pin=RPI1-40
Added Net: Name=NetRPI1_40
Added Class: Name=RPI 3
Added Room: Name=RPI 3
